{"/Users/billchair/Desktop/PHASE-2/CMS_server/app.js": {"path":"/Users/billchair/Desktop/PHASE-2/CMS_server/app.js","statementMap":{"0":{"start":{"line":1,"column":0},"end":{"line":3,"column":1}},"1":{"start":{"line":2,"column":4},"end":{"line":2,"column":30}},"2":{"start":{"line":5,"column":16},"end":{"line":5,"column":34}},"3":{"start":{"line":6,"column":13},"end":{"line":6,"column":28}},"4":{"start":{"line":7,"column":15},"end":{"line":7,"column":34}},"5":{"start":{"line":8,"column":22},"end":{"line":8,"column":59}},"6":{"start":{"line":10,"column":12},"end":{"line":10,"column":21}},"7":{"start":{"line":13,"column":0},"end":{"line":13,"column":47}},"8":{"start":{"line":14,"column":0},"end":{"line":14,"column":23}},"9":{"start":{"line":15,"column":0},"end":{"line":15,"column":15}},"10":{"start":{"line":17,"column":0},"end":{"line":17,"column":15}},"11":{"start":{"line":18,"column":0},"end":{"line":18,"column":22}},"12":{"start":{"line":21,"column":0},"end":{"line":21,"column":20}}},"fnMap":{},"branchMap":{"0":{"loc":{"start":{"line":1,"column":0},"end":{"line":3,"column":1}},"type":"if","locations":[{"start":{"line":1,"column":0},"end":{"line":3,"column":1}},{"start":{"line":1,"column":0},"end":{"line":3,"column":1}}],"line":1},"1":{"loc":{"start":{"line":1,"column":3},"end":{"line":1,"column":74}},"type":"binary-expr","locations":[{"start":{"line":1,"column":3},"end":{"line":1,"column":40}},{"start":{"line":1,"column":44},"end":{"line":1,"column":74}}],"line":1}},"s":{"0":1,"1":1,"2":1,"3":1,"4":1,"5":1,"6":1,"7":1,"8":1,"9":1,"10":1,"11":1,"12":1},"f":{},"b":{"0":[1,0],"1":[1,1]},"_coverageSchema":"1a1c01bbd47fc00a2c39e90264f33305004495a9","hash":"8d23ffb1cedb74e1f90e9ea0791be54d4af5ff6f"}
,"/Users/billchair/Desktop/PHASE-2/CMS_server/controllers/adminController.js": {"path":"/Users/billchair/Desktop/PHASE-2/CMS_server/controllers/adminController.js","statementMap":{"0":{"start":{"line":1,"column":26},"end":{"line":1,"column":46}},"1":{"start":{"line":2,"column":48},"end":{"line":2,"column":78}},"2":{"start":{"line":3,"column":27},"end":{"line":3,"column":61}},"3":{"start":{"line":7,"column":57},"end":{"line":7,"column":65}},"4":{"start":{"line":9,"column":8},"end":{"line":17,"column":40}},"5":{"start":{"line":11,"column":16},"end":{"line":15,"column":17}},"6":{"start":{"line":12,"column":20},"end":{"line":14,"column":73}},"7":{"start":{"line":17,"column":28},"end":{"line":17,"column":37}},"8":{"start":{"line":21,"column":34},"end":{"line":21,"column":42}},"9":{"start":{"line":23,"column":8},"end":{"line":40,"column":40}},"10":{"start":{"line":25,"column":16},"end":{"line":38,"column":17}},"11":{"start":{"line":26,"column":37},"end":{"line":26,"column":79}},"12":{"start":{"line":28,"column":20},"end":{"line":37,"column":21}},"13":{"start":{"line":29,"column":34},"end":{"line":31,"column":25}},"14":{"start":{"line":32,"column":42},"end":{"line":32,"column":61}},"15":{"start":{"line":34,"column":24},"end":{"line":36,"column":48}},"16":{"start":{"line":40,"column":28},"end":{"line":40,"column":37}},"17":{"start":{"line":44,"column":0},"end":{"line":44,"column":32}}},"fnMap":{"0":{"name":"(anonymous_0)","decl":{"start":{"line":6,"column":4},"end":{"line":6,"column":5}},"loc":{"start":{"line":6,"column":36},"end":{"line":18,"column":5}},"line":6},"1":{"name":"(anonymous_1)","decl":{"start":{"line":10,"column":18},"end":{"line":10,"column":19}},"loc":{"start":{"line":10,"column":31},"end":{"line":16,"column":13}},"line":10},"2":{"name":"(anonymous_2)","decl":{"start":{"line":17,"column":19},"end":{"line":17,"column":20}},"loc":{"start":{"line":17,"column":26},"end":{"line":17,"column":39}},"line":17},"3":{"name":"(anonymous_3)","decl":{"start":{"line":20,"column":4},"end":{"line":20,"column":5}},"loc":{"start":{"line":20,"column":33},"end":{"line":41,"column":5}},"line":20},"4":{"name":"(anonymous_4)","decl":{"start":{"line":24,"column":18},"end":{"line":24,"column":19}},"loc":{"start":{"line":24,"column":27},"end":{"line":39,"column":13}},"line":24},"5":{"name":"(anonymous_5)","decl":{"start":{"line":40,"column":19},"end":{"line":40,"column":20}},"loc":{"start":{"line":40,"column":26},"end":{"line":40,"column":39}},"line":40}},"branchMap":{"0":{"loc":{"start":{"line":11,"column":16},"end":{"line":15,"column":17}},"type":"if","locations":[{"start":{"line":11,"column":16},"end":{"line":15,"column":17}},{"start":{"line":11,"column":16},"end":{"line":15,"column":17}}],"line":11},"1":{"loc":{"start":{"line":25,"column":16},"end":{"line":38,"column":17}},"type":"if","locations":[{"start":{"line":25,"column":16},"end":{"line":38,"column":17}},{"start":{"line":25,"column":16},"end":{"line":38,"column":17}}],"line":25},"2":{"loc":{"start":{"line":28,"column":20},"end":{"line":37,"column":21}},"type":"if","locations":[{"start":{"line":28,"column":20},"end":{"line":37,"column":21}},{"start":{"line":28,"column":20},"end":{"line":37,"column":21}}],"line":28}},"s":{"0":1,"1":1,"2":1,"3":2,"4":2,"5":1,"6":1,"7":1,"8":0,"9":0,"10":0,"11":0,"12":0,"13":0,"14":0,"15":0,"16":0,"17":1},"f":{"0":2,"1":1,"2":1,"3":0,"4":0,"5":0},"b":{"0":[1,0],"1":[0,0],"2":[0,0]},"_coverageSchema":"1a1c01bbd47fc00a2c39e90264f33305004495a9","hash":"2aaeabf57e761212611cb74ffccc4769f9b85b92"}
,"/Users/billchair/Desktop/PHASE-2/CMS_server/controllers/productController.js": {"path":"/Users/billchair/Desktop/PHASE-2/CMS_server/controllers/productController.js","statementMap":{"0":{"start":{"line":1,"column":20},"end":{"line":1,"column":40}},"1":{"start":{"line":5,"column":8},"end":{"line":12,"column":14}},"2":{"start":{"line":7,"column":16},"end":{"line":11,"column":17}},"3":{"start":{"line":8,"column":20},"end":{"line":10,"column":41}},"4":{"start":{"line":16,"column":30},"end":{"line":16,"column":40}},"5":{"start":{"line":18,"column":8},"end":{"line":25,"column":14}},"6":{"start":{"line":20,"column":16},"end":{"line":24,"column":17}},"7":{"start":{"line":21,"column":20},"end":{"line":23,"column":40}},"8":{"start":{"line":29,"column":60},"end":{"line":29,"column":68}},"9":{"start":{"line":31,"column":8},"end":{"line":38,"column":14}},"10":{"start":{"line":33,"column":16},"end":{"line":37,"column":17}},"11":{"start":{"line":34,"column":20},"end":{"line":36,"column":44}},"12":{"start":{"line":42,"column":60},"end":{"line":42,"column":68}},"13":{"start":{"line":43,"column":30},"end":{"line":43,"column":40}},"14":{"start":{"line":45,"column":8},"end":{"line":52,"column":14}},"15":{"start":{"line":47,"column":16},"end":{"line":51,"column":17}},"16":{"start":{"line":48,"column":20},"end":{"line":50,"column":47}},"17":{"start":{"line":56,"column":30},"end":{"line":56,"column":40}},"18":{"start":{"line":58,"column":8},"end":{"line":65,"column":14}},"19":{"start":{"line":60,"column":16},"end":{"line":64,"column":17}},"20":{"start":{"line":61,"column":20},"end":{"line":63,"column":40}},"21":{"start":{"line":69,"column":0},"end":{"line":69,"column":34}}},"fnMap":{"0":{"name":"(anonymous_0)","decl":{"start":{"line":4,"column":4},"end":{"line":4,"column":5}},"loc":{"start":{"line":4,"column":35},"end":{"line":13,"column":5}},"line":4},"1":{"name":"(anonymous_1)","decl":{"start":{"line":6,"column":18},"end":{"line":6,"column":19}},"loc":{"start":{"line":6,"column":30},"end":{"line":12,"column":13}},"line":6},"2":{"name":"(anonymous_2)","decl":{"start":{"line":15,"column":4},"end":{"line":15,"column":5}},"loc":{"start":{"line":15,"column":35},"end":{"line":26,"column":5}},"line":15},"3":{"name":"(anonymous_3)","decl":{"start":{"line":19,"column":18},"end":{"line":19,"column":19}},"loc":{"start":{"line":19,"column":29},"end":{"line":25,"column":13}},"line":19},"4":{"name":"(anonymous_4)","decl":{"start":{"line":28,"column":4},"end":{"line":28,"column":5}},"loc":{"start":{"line":28,"column":34},"end":{"line":39,"column":5}},"line":28},"5":{"name":"(anonymous_5)","decl":{"start":{"line":32,"column":18},"end":{"line":32,"column":19}},"loc":{"start":{"line":32,"column":33},"end":{"line":38,"column":13}},"line":32},"6":{"name":"(anonymous_6)","decl":{"start":{"line":41,"column":4},"end":{"line":41,"column":5}},"loc":{"start":{"line":41,"column":34},"end":{"line":53,"column":5}},"line":41},"7":{"name":"(anonymous_7)","decl":{"start":{"line":46,"column":18},"end":{"line":46,"column":19}},"loc":{"start":{"line":46,"column":36},"end":{"line":52,"column":13}},"line":46},"8":{"name":"(anonymous_8)","decl":{"start":{"line":55,"column":4},"end":{"line":55,"column":5}},"loc":{"start":{"line":55,"column":34},"end":{"line":66,"column":5}},"line":55},"9":{"name":"(anonymous_9)","decl":{"start":{"line":59,"column":18},"end":{"line":59,"column":19}},"loc":{"start":{"line":59,"column":29},"end":{"line":65,"column":13}},"line":59}},"branchMap":{"0":{"loc":{"start":{"line":7,"column":16},"end":{"line":11,"column":17}},"type":"if","locations":[{"start":{"line":7,"column":16},"end":{"line":11,"column":17}},{"start":{"line":7,"column":16},"end":{"line":11,"column":17}}],"line":7},"1":{"loc":{"start":{"line":20,"column":16},"end":{"line":24,"column":17}},"type":"if","locations":[{"start":{"line":20,"column":16},"end":{"line":24,"column":17}},{"start":{"line":20,"column":16},"end":{"line":24,"column":17}}],"line":20},"2":{"loc":{"start":{"line":33,"column":16},"end":{"line":37,"column":17}},"type":"if","locations":[{"start":{"line":33,"column":16},"end":{"line":37,"column":17}},{"start":{"line":33,"column":16},"end":{"line":37,"column":17}}],"line":33},"3":{"loc":{"start":{"line":47,"column":16},"end":{"line":51,"column":17}},"type":"if","locations":[{"start":{"line":47,"column":16},"end":{"line":51,"column":17}},{"start":{"line":47,"column":16},"end":{"line":51,"column":17}}],"line":47},"4":{"loc":{"start":{"line":60,"column":16},"end":{"line":64,"column":17}},"type":"if","locations":[{"start":{"line":60,"column":16},"end":{"line":64,"column":17}},{"start":{"line":60,"column":16},"end":{"line":64,"column":17}}],"line":60}},"s":{"0":1,"1":0,"2":0,"3":0,"4":0,"5":0,"6":0,"7":0,"8":0,"9":0,"10":0,"11":0,"12":0,"13":0,"14":0,"15":0,"16":0,"17":0,"18":0,"19":0,"20":0,"21":1},"f":{"0":0,"1":0,"2":0,"3":0,"4":0,"5":0,"6":0,"7":0,"8":0,"9":0},"b":{"0":[0,0],"1":[0,0],"2":[0,0],"3":[0,0],"4":[0,0]},"_coverageSchema":"1a1c01bbd47fc00a2c39e90264f33305004495a9","hash":"1cf92ce903e8ad3bfdf0fba996d509031b5cbdd7"}
,"/Users/billchair/Desktop/PHASE-2/CMS_server/helpers/bcryptjs.js": {"path":"/Users/billchair/Desktop/PHASE-2/CMS_server/helpers/bcryptjs.js","statementMap":{"0":{"start":{"line":1,"column":15},"end":{"line":1,"column":34}},"1":{"start":{"line":4,"column":15},"end":{"line":4,"column":52}},"2":{"start":{"line":5,"column":15},"end":{"line":5,"column":46}},"3":{"start":{"line":6,"column":4},"end":{"line":6,"column":15}},"4":{"start":{"line":10,"column":4},"end":{"line":10,"column":45}},"5":{"start":{"line":13,"column":0},"end":{"line":13,"column":56}}},"fnMap":{"0":{"name":"generate_password","decl":{"start":{"line":3,"column":9},"end":{"line":3,"column":26}},"loc":{"start":{"line":3,"column":37},"end":{"line":7,"column":1}},"line":3},"1":{"name":"compare_password","decl":{"start":{"line":9,"column":9},"end":{"line":9,"column":25}},"loc":{"start":{"line":9,"column":42},"end":{"line":11,"column":1}},"line":9}},"branchMap":{},"s":{"0":1,"1":1,"2":1,"3":1,"4":0,"5":1},"f":{"0":1,"1":0},"b":{},"_coverageSchema":"1a1c01bbd47fc00a2c39e90264f33305004495a9","hash":"00413d84f73973a16f9a66c8dbe1787c197cbb6c"}
,"/Users/billchair/Desktop/PHASE-2/CMS_server/helpers/jsonwebtoken.js": {"path":"/Users/billchair/Desktop/PHASE-2/CMS_server/helpers/jsonwebtoken.js","statementMap":{"0":{"start":{"line":1,"column":12},"end":{"line":1,"column":35}},"1":{"start":{"line":4,"column":4},"end":{"line":4,"column":52}},"2":{"start":{"line":8,"column":4},"end":{"line":8,"column":52}},"3":{"start":{"line":11,"column":0},"end":{"line":11,"column":49}}},"fnMap":{"0":{"name":"generate_token","decl":{"start":{"line":3,"column":9},"end":{"line":3,"column":23}},"loc":{"start":{"line":3,"column":33},"end":{"line":5,"column":1}},"line":3},"1":{"name":"verify_token","decl":{"start":{"line":7,"column":9},"end":{"line":7,"column":21}},"loc":{"start":{"line":7,"column":29},"end":{"line":9,"column":1}},"line":7}},"branchMap":{},"s":{"0":1,"1":0,"2":0,"3":1},"f":{"0":0,"1":0},"b":{},"_coverageSchema":"1a1c01bbd47fc00a2c39e90264f33305004495a9","hash":"ca6faef208bf0375063c37d5a29d6937dd371b89"}
,"/Users/billchair/Desktop/PHASE-2/CMS_server/middlewares/admin_auth.js": {"path":"/Users/billchair/Desktop/PHASE-2/CMS_server/middlewares/admin_auth.js","statementMap":{"0":{"start":{"line":1,"column":26},"end":{"line":1,"column":46}},"1":{"start":{"line":2,"column":25},"end":{"line":2,"column":59}},"2":{"start":{"line":5,"column":18},"end":{"line":5,"column":55}},"3":{"start":{"line":6,"column":20},"end":{"line":6,"column":27}},"4":{"start":{"line":8,"column":4},"end":{"line":14,"column":10}},"5":{"start":{"line":10,"column":12},"end":{"line":13,"column":13}},"6":{"start":{"line":12,"column":16},"end":{"line":12,"column":22}},"7":{"start":{"line":17,"column":0},"end":{"line":17,"column":37}}},"fnMap":{"0":{"name":"admin_authentication","decl":{"start":{"line":4,"column":9},"end":{"line":4,"column":29}},"loc":{"start":{"line":4,"column":46},"end":{"line":15,"column":1}},"line":4},"1":{"name":"(anonymous_1)","decl":{"start":{"line":9,"column":14},"end":{"line":9,"column":15}},"loc":{"start":{"line":9,"column":23},"end":{"line":14,"column":9}},"line":9}},"branchMap":{"0":{"loc":{"start":{"line":10,"column":12},"end":{"line":13,"column":13}},"type":"if","locations":[{"start":{"line":10,"column":12},"end":{"line":13,"column":13}},{"start":{"line":10,"column":12},"end":{"line":13,"column":13}}],"line":10}},"s":{"0":1,"1":1,"2":0,"3":0,"4":0,"5":0,"6":0,"7":1},"f":{"0":0,"1":0},"b":{"0":[0,0]},"_coverageSchema":"1a1c01bbd47fc00a2c39e90264f33305004495a9","hash":"72c489d69a1dbf87deecdab015e062fc0082f494"}
,"/Users/billchair/Desktop/PHASE-2/CMS_server/middlewares/errorHandler.js": {"path":"/Users/billchair/Desktop/PHASE-2/CMS_server/middlewares/errorHandler.js","statementMap":{"0":{"start":{"line":2,"column":4},"end":{"line":6,"column":5}},"1":{"start":{"line":3,"column":8},"end":{"line":5,"column":56}},"2":{"start":{"line":9,"column":0},"end":{"line":9,"column":30}}},"fnMap":{"0":{"name":"error_handler","decl":{"start":{"line":1,"column":9},"end":{"line":1,"column":22}},"loc":{"start":{"line":1,"column":44},"end":{"line":7,"column":1}},"line":1}},"branchMap":{"0":{"loc":{"start":{"line":2,"column":4},"end":{"line":6,"column":5}},"type":"if","locations":[{"start":{"line":2,"column":4},"end":{"line":6,"column":5}},{"start":{"line":2,"column":4},"end":{"line":6,"column":5}}],"line":2}},"s":{"0":1,"1":1,"2":1},"f":{"0":1},"b":{"0":[1,0]},"_coverageSchema":"1a1c01bbd47fc00a2c39e90264f33305004495a9","hash":"3804be81eb263fa8ccb69adee5a52526062b0112"}
,"/Users/billchair/Desktop/PHASE-2/CMS_server/models/administrator.js": {"path":"/Users/billchair/Desktop/PHASE-2/CMS_server/models/administrator.js","statementMap":{"0":{"start":{"line":2,"column":30},"end":{"line":2,"column":60}},"1":{"start":{"line":4,"column":0},"end":{"line":53,"column":2}},"2":{"start":{"line":7,"column":2},"end":{"line":48,"column":4}},"3":{"start":{"line":44,"column":8},"end":{"line":44,"column":56}},"4":{"start":{"line":49,"column":2},"end":{"line":51,"column":4}},"5":{"start":{"line":52,"column":2},"end":{"line":52,"column":23}}},"fnMap":{"0":{"name":"(anonymous_0)","decl":{"start":{"line":4,"column":17},"end":{"line":4,"column":18}},"loc":{"start":{"line":4,"column":43},"end":{"line":53,"column":1}},"line":4},"1":{"name":"(anonymous_1)","decl":{"start":{"line":43,"column":6},"end":{"line":43,"column":7}},"loc":{"start":{"line":43,"column":25},"end":{"line":45,"column":7}},"line":43},"2":{"name":"(anonymous_2)","decl":{"start":{"line":49,"column":28},"end":{"line":49,"column":29}},"loc":{"start":{"line":49,"column":45},"end":{"line":51,"column":3}},"line":49}},"branchMap":{},"s":{"0":1,"1":1,"2":1,"3":1,"4":1,"5":1},"f":{"0":1,"1":1,"2":1},"b":{},"_coverageSchema":"1a1c01bbd47fc00a2c39e90264f33305004495a9","hash":"9923de4e09e61f4da88a1e81ba4cd498602e2e4c"}
,"/Users/billchair/Desktop/PHASE-2/CMS_server/models/index.js": {"path":"/Users/billchair/Desktop/PHASE-2/CMS_server/models/index.js","statementMap":{"0":{"start":{"line":3,"column":11},"end":{"line":3,"column":24}},"1":{"start":{"line":4,"column":13},"end":{"line":4,"column":28}},"2":{"start":{"line":5,"column":18},"end":{"line":5,"column":38}},"3":{"start":{"line":6,"column":17},"end":{"line":6,"column":42}},"4":{"start":{"line":7,"column":12},"end":{"line":7,"column":49}},"5":{"start":{"line":8,"column":15},"end":{"line":8,"column":65}},"6":{"start":{"line":9,"column":11},"end":{"line":9,"column":13}},"7":{"start":{"line":12,"column":0},"end":{"line":16,"column":1}},"8":{"start":{"line":13,"column":2},"end":{"line":13,"column":74}},"9":{"start":{"line":15,"column":2},"end":{"line":15,"column":87}},"10":{"start":{"line":18,"column":0},"end":{"line":26,"column":5}},"11":{"start":{"line":21,"column":4},"end":{"line":21,"column":90}},"12":{"start":{"line":24,"column":18},"end":{"line":24,"column":65}},"13":{"start":{"line":25,"column":4},"end":{"line":25,"column":27}},"14":{"start":{"line":28,"column":0},"end":{"line":32,"column":3}},"15":{"start":{"line":29,"column":2},"end":{"line":31,"column":3}},"16":{"start":{"line":30,"column":4},"end":{"line":30,"column":32}},"17":{"start":{"line":34,"column":0},"end":{"line":34,"column":25}},"18":{"start":{"line":35,"column":0},"end":{"line":35,"column":25}},"19":{"start":{"line":37,"column":0},"end":{"line":37,"column":20}}},"fnMap":{"0":{"name":"(anonymous_0)","decl":{"start":{"line":20,"column":10},"end":{"line":20,"column":11}},"loc":{"start":{"line":20,"column":18},"end":{"line":22,"column":3}},"line":20},"1":{"name":"(anonymous_1)","decl":{"start":{"line":23,"column":11},"end":{"line":23,"column":12}},"loc":{"start":{"line":23,"column":19},"end":{"line":26,"column":3}},"line":23},"2":{"name":"(anonymous_2)","decl":{"start":{"line":28,"column":24},"end":{"line":28,"column":25}},"loc":{"start":{"line":28,"column":37},"end":{"line":32,"column":1}},"line":28}},"branchMap":{"0":{"loc":{"start":{"line":7,"column":12},"end":{"line":7,"column":49}},"type":"binary-expr","locations":[{"start":{"line":7,"column":12},"end":{"line":7,"column":32}},{"start":{"line":7,"column":36},"end":{"line":7,"column":49}}],"line":7},"1":{"loc":{"start":{"line":12,"column":0},"end":{"line":16,"column":1}},"type":"if","locations":[{"start":{"line":12,"column":0},"end":{"line":16,"column":1}},{"start":{"line":12,"column":0},"end":{"line":16,"column":1}}],"line":12},"2":{"loc":{"start":{"line":21,"column":11},"end":{"line":21,"column":89}},"type":"binary-expr","locations":[{"start":{"line":21,"column":12},"end":{"line":21,"column":35}},{"start":{"line":21,"column":41},"end":{"line":21,"column":58}},{"start":{"line":21,"column":64},"end":{"line":21,"column":88}}],"line":21},"3":{"loc":{"start":{"line":29,"column":2},"end":{"line":31,"column":3}},"type":"if","locations":[{"start":{"line":29,"column":2},"end":{"line":31,"column":3}},{"start":{"line":29,"column":2},"end":{"line":31,"column":3}}],"line":29}},"s":{"0":1,"1":1,"2":1,"3":1,"4":1,"5":1,"6":1,"7":1,"8":0,"9":1,"10":1,"11":3,"12":2,"13":2,"14":1,"15":2,"16":2,"17":1,"18":1,"19":1},"f":{"0":3,"1":2,"2":2},"b":{"0":[1,0],"1":[0,1],"2":[3,3,2],"3":[2,0]},"_coverageSchema":"1a1c01bbd47fc00a2c39e90264f33305004495a9","hash":"d92afd2ee207a5f79b4ba8af8932e04612c79e5f"}
,"/Users/billchair/Desktop/PHASE-2/CMS_server/models/product.js": {"path":"/Users/billchair/Desktop/PHASE-2/CMS_server/models/product.js","statementMap":{"0":{"start":{"line":2,"column":0},"end":{"line":53,"column":2}},"1":{"start":{"line":5,"column":2},"end":{"line":48,"column":4}},"2":{"start":{"line":49,"column":2},"end":{"line":51,"column":4}},"3":{"start":{"line":52,"column":2},"end":{"line":52,"column":17}}},"fnMap":{"0":{"name":"(anonymous_0)","decl":{"start":{"line":2,"column":17},"end":{"line":2,"column":18}},"loc":{"start":{"line":2,"column":43},"end":{"line":53,"column":1}},"line":2},"1":{"name":"(anonymous_1)","decl":{"start":{"line":49,"column":22},"end":{"line":49,"column":23}},"loc":{"start":{"line":49,"column":39},"end":{"line":51,"column":3}},"line":49}},"branchMap":{},"s":{"0":1,"1":1,"2":1,"3":1},"f":{"0":1,"1":1},"b":{},"_coverageSchema":"1a1c01bbd47fc00a2c39e90264f33305004495a9","hash":"3803eb0f826d9229ef43f2906a5d543683d6eaaf"}
,"/Users/billchair/Desktop/PHASE-2/CMS_server/routes/administrator.js": {"path":"/Users/billchair/Desktop/PHASE-2/CMS_server/routes/administrator.js","statementMap":{"0":{"start":{"line":1,"column":15},"end":{"line":1,"column":42}},"1":{"start":{"line":2,"column":24},"end":{"line":2,"column":65}},"2":{"start":{"line":4,"column":0},"end":{"line":4,"column":50}},"3":{"start":{"line":5,"column":0},"end":{"line":5,"column":44}},"4":{"start":{"line":7,"column":0},"end":{"line":7,"column":23}}},"fnMap":{},"branchMap":{},"s":{"0":1,"1":1,"2":1,"3":1,"4":1},"f":{},"b":{},"_coverageSchema":"1a1c01bbd47fc00a2c39e90264f33305004495a9","hash":"11094b842305d48c12e689b2fe64ccfe0cb6b339"}
,"/Users/billchair/Desktop/PHASE-2/CMS_server/routes/index.js": {"path":"/Users/billchair/Desktop/PHASE-2/CMS_server/routes/index.js","statementMap":{"0":{"start":{"line":1,"column":15},"end":{"line":1,"column":42}},"1":{"start":{"line":2,"column":22},"end":{"line":2,"column":48}},"2":{"start":{"line":3,"column":16},"end":{"line":3,"column":36}},"3":{"start":{"line":6,"column":0},"end":{"line":6,"column":30}},"4":{"start":{"line":7,"column":0},"end":{"line":7,"column":31}},"5":{"start":{"line":10,"column":0},"end":{"line":10,"column":23}}},"fnMap":{},"branchMap":{},"s":{"0":1,"1":1,"2":1,"3":1,"4":1,"5":1},"f":{},"b":{},"_coverageSchema":"1a1c01bbd47fc00a2c39e90264f33305004495a9","hash":"f8635b4e0c447dfad7862d08ebe9491f81aa1937"}
,"/Users/billchair/Desktop/PHASE-2/CMS_server/routes/product.js": {"path":"/Users/billchair/Desktop/PHASE-2/CMS_server/routes/product.js","statementMap":{"0":{"start":{"line":1,"column":15},"end":{"line":1,"column":42}},"1":{"start":{"line":2,"column":26},"end":{"line":2,"column":69}},"2":{"start":{"line":3,"column":29},"end":{"line":3,"column":65}},"3":{"start":{"line":5,"column":0},"end":{"line":5,"column":32}},"4":{"start":{"line":6,"column":0},"end":{"line":6,"column":42}},"5":{"start":{"line":7,"column":0},"end":{"line":7,"column":42}},"6":{"start":{"line":8,"column":0},"end":{"line":8,"column":52}},"7":{"start":{"line":9,"column":0},"end":{"line":9,"column":51}},"8":{"start":{"line":10,"column":0},"end":{"line":10,"column":54}},"9":{"start":{"line":12,"column":0},"end":{"line":12,"column":23}}},"fnMap":{},"branchMap":{},"s":{"0":1,"1":1,"2":1,"3":1,"4":1,"5":1,"6":1,"7":1,"8":1,"9":1},"f":{},"b":{},"_coverageSchema":"1a1c01bbd47fc00a2c39e90264f33305004495a9","hash":"4cf50424a912827a6fa429db47e3e5bb93c1039d"}
}
