TN:
SF:app.js
FNF:0
FNH:0
DA:1,1
DA:2,1
DA:5,1
DA:6,1
DA:7,1
DA:8,1
DA:10,1
DA:13,1
DA:14,1
DA:15,1
DA:17,1
DA:18,1
DA:21,1
LF:13
LH:13
BRDA:1,0,0,1
BRDA:1,0,1,0
BRDA:1,1,0,1
BRDA:1,1,1,1
BRF:4
BRH:3
end_of_record
TN:
SF:controllers/adminController.js
FN:6,(anonymous_0)
FN:10,(anonymous_1)
FN:19,(anonymous_2)
FN:22,(anonymous_3)
FN:26,(anonymous_4)
FN:44,(anonymous_5)
FNF:6
FNH:2
FNDA:0,(anonymous_0)
FNDA:0,(anonymous_1)
FNDA:0,(anonymous_2)
FNDA:1,(anonymous_3)
FNDA:1,(anonymous_4)
FNDA:0,(anonymous_5)
DA:1,1
DA:2,1
DA:3,1
DA:7,0
DA:9,0
DA:11,0
DA:12,0
DA:16,0
DA:19,0
DA:23,1
DA:25,1
DA:27,1
DA:28,0
DA:30,0
DA:31,0
DA:34,0
DA:36,0
DA:40,0
DA:44,0
DA:48,1
LF:20
LH:7
BRDA:11,0,0,0
BRDA:11,0,1,0
BRDA:27,1,0,0
BRDA:27,1,1,1
BRDA:30,2,0,0
BRDA:30,2,1,0
BRF:6
BRH:1
end_of_record
TN:
SF:controllers/productController.js
FN:4,(anonymous_0)
FN:6,(anonymous_1)
FN:15,(anonymous_2)
FN:19,(anonymous_3)
FN:28,(anonymous_4)
FN:32,(anonymous_5)
FN:41,(anonymous_6)
FN:46,(anonymous_7)
FN:55,(anonymous_8)
FN:59,(anonymous_9)
FNF:10
FNH:0
FNDA:0,(anonymous_0)
FNDA:0,(anonymous_1)
FNDA:0,(anonymous_2)
FNDA:0,(anonymous_3)
FNDA:0,(anonymous_4)
FNDA:0,(anonymous_5)
FNDA:0,(anonymous_6)
FNDA:0,(anonymous_7)
FNDA:0,(anonymous_8)
FNDA:0,(anonymous_9)
DA:1,1
DA:5,0
DA:7,0
DA:8,0
DA:16,0
DA:18,0
DA:20,0
DA:21,0
DA:29,0
DA:31,0
DA:33,0
DA:34,0
DA:42,0
DA:43,0
DA:45,0
DA:47,0
DA:48,0
DA:56,0
DA:58,0
DA:60,0
DA:61,0
DA:69,1
LF:22
LH:2
BRDA:7,0,0,0
BRDA:7,0,1,0
BRDA:20,1,0,0
BRDA:20,1,1,0
BRDA:33,2,0,0
BRDA:33,2,1,0
BRDA:47,3,0,0
BRDA:47,3,1,0
BRDA:60,4,0,0
BRDA:60,4,1,0
BRF:10
BRH:0
end_of_record
TN:
SF:helpers/bcryptjs.js
FN:3,generate_password
FN:9,compare_password
FNF:2
FNH:0
FNDA:0,generate_password
FNDA:0,compare_password
DA:1,1
DA:4,0
DA:5,0
DA:6,0
DA:10,0
DA:13,1
LF:6
LH:2
BRF:0
BRH:0
end_of_record
TN:
SF:helpers/jsonwebtoken.js
FN:3,generate_token
FN:7,verify_token
FNF:2
FNH:0
FNDA:0,generate_token
FNDA:0,verify_token
DA:1,1
DA:4,0
DA:8,0
DA:11,1
LF:4
LH:2
BRF:0
BRH:0
end_of_record
TN:
SF:middlewares/admin_auth.js
FN:4,admin_authentication
FN:9,(anonymous_1)
FNF:2
FNH:0
FNDA:0,admin_authentication
FNDA:0,(anonymous_1)
DA:1,1
DA:2,1
DA:5,0
DA:6,0
DA:8,0
DA:10,0
DA:12,0
DA:17,1
LF:8
LH:3
BRDA:10,0,0,0
BRDA:10,0,1,0
BRF:2
BRH:0
end_of_record
TN:
SF:middlewares/errorHandler.js
FN:1,error_handler
FNF:1
FNH:0
FNDA:0,error_handler
DA:2,0
DA:3,0
DA:5,0
DA:6,0
DA:10,1
LF:5
LH:1
BRDA:2,0,0,0
BRDA:2,0,1,0
BRF:2
BRH:0
end_of_record
TN:
SF:models/administrator.js
FN:4,(anonymous_0)
FN:43,(anonymous_1)
FN:49,(anonymous_2)
FNF:3
FNH:2
FNDA:1,(anonymous_0)
FNDA:0,(anonymous_1)
FNDA:1,(anonymous_2)
DA:2,1
DA:4,1
DA:7,1
DA:44,0
DA:49,1
DA:52,1
LF:6
LH:5
BRF:0
BRH:0
end_of_record
TN:
SF:models/index.js
FN:20,(anonymous_0)
FN:23,(anonymous_1)
FN:28,(anonymous_2)
FNF:3
FNH:3
FNDA:3,(anonymous_0)
FNDA:2,(anonymous_1)
FNDA:2,(anonymous_2)
DA:3,1
DA:4,1
DA:5,1
DA:6,1
DA:7,1
DA:8,1
DA:9,1
DA:12,1
DA:13,0
DA:15,1
DA:18,1
DA:21,3
DA:24,2
DA:25,2
DA:28,1
DA:29,2
DA:30,2
DA:34,1
DA:35,1
DA:37,1
LF:20
LH:19
BRDA:7,0,0,1
BRDA:7,0,1,0
BRDA:12,1,0,0
BRDA:12,1,1,1
BRDA:21,2,0,3
BRDA:21,2,1,3
BRDA:21,2,2,2
BRDA:29,3,0,2
BRDA:29,3,1,0
BRF:9
BRH:6
end_of_record
TN:
SF:models/product.js
FN:2,(anonymous_0)
FN:49,(anonymous_1)
FNF:2
FNH:2
FNDA:1,(anonymous_0)
FNDA:1,(anonymous_1)
DA:2,1
DA:5,1
DA:49,1
DA:52,1
LF:4
LH:4
BRF:0
BRH:0
end_of_record
TN:
SF:routes/administrator.js
FNF:0
FNH:0
DA:1,1
DA:2,1
DA:4,1
DA:5,1
DA:7,1
LF:5
LH:5
BRF:0
BRH:0
end_of_record
TN:
SF:routes/index.js
FNF:0
FNH:0
DA:1,1
DA:2,1
DA:3,1
DA:6,1
DA:7,1
DA:10,1
LF:6
LH:6
BRF:0
BRH:0
end_of_record
TN:
SF:routes/product.js
FNF:0
FNH:0
DA:1,1
DA:2,1
DA:3,1
DA:5,1
DA:6,1
DA:7,1
DA:8,1
DA:9,1
DA:10,1
DA:12,1
LF:10
LH:10
BRF:0
BRH:0
end_of_record
